# JRE version: Java(TM) SE Runtime Environment (8.0_121-b13) (build 1.8.0_121-b13)
# Java VM: Java HotSpot(TM) 64-Bit Server VM (25.121-b13 mixed mode windows-amd64 compressed oops)
Heap:
 PSYoungGen      total 335360K, used 192K [0x00000000eab00000, 0x00000000ff380000, 0x0000000100000000)
  eden space 334336K, 0% used [0x00000000eab00000,0x00000000eab00000,0x00000000ff180000)
  from space 1024K, 18% used [0x00000000ff280000,0x00000000ff2b0000,0x00000000ff380000)
  to   space 1024K, 0% used [0x00000000ff180000,0x00000000ff180000,0x00000000ff280000)
 ParOldGen       total 349696K, used 261916K [0x00000000c0000000, 0x00000000d5580000, 0x00000000eab00000)
  object space 349696K, 74% used [0x00000000c0000000,0x00000000cffc70d8,0x00000000d5580000)
 Metaspace       used 57443K, capacity 58158K, committed 58752K, reserved 1099776K
  class space    used 7940K, capacity 8252K, committed 8320K, reserved 1048576K
GC Heap History (10 events):
Event: 488.291 GC heap after
Heap after GC invocations=1913 (full 949):
 PSYoungGen      total 335360K, used 160K [0x00000000eab00000, 0x00000000ff380000, 0x0000000100000000)
  eden space 334336K, 0% used [0x00000000eab00000,0x00000000eab00000,0x00000000ff180000)
  from space 1024K, 15% used [0x00000000ff280000,0x00000000ff2a8000,0x00000000ff380000)
  to   space 1024K, 0% used [0x00000000ff180000,0x00000000ff180000,0x00000000ff280000)
 ParOldGen       total 349696K, used 261915K [0x00000000c0000000, 0x00000000d5580000, 0x00000000eab00000)
  object space 349696K, 74% used [0x00000000c0000000,0x00000000cffc6ff8,0x00000000d5580000)
 Metaspace       used 57443K, capacity 58158K, committed 58752K, reserved 1099776K
  class space    used 7940K, capacity 8252K, committed 8320K, reserved 1048576K
}
Event: 488.291 GC heap before
{Heap before GC invocations=1914 (full 950):
 PSYoungGen      total 335360K, used 160K [0x00000000eab00000, 0x00000000ff380000, 0x0000000100000000)
  eden space 334336K, 0% used [0x00000000eab00000,0x00000000eab00000,0x00000000ff180000)
  from space 1024K, 15% used [0x00000000ff280000,0x00000000ff2a8000,0x00000000ff380000)
  to   space 1024K, 0% used [0x00000000ff180000,0x00000000ff180000,0x00000000ff280000)
 ParOldGen       total 349696K, used 261915K [0x00000000c0000000, 0x00000000d5580000, 0x00000000eab00000)
  object space 349696K, 74% used [0x00000000c0000000,0x00000000cffc6ff8,0x00000000d5580000)
 Metaspace       used 57443K, capacity 58158K, committed 58752K, reserved 1099776K
  class space    used 7940K, capacity 8252K, committed 8320K, reserved 1048576K
Event: 488.387 GC heap after
Heap after GC invocations=1914 (full 950):
 PSYoungGen      total 335360K, used 0K [0x00000000eab00000, 0x00000000ff380000, 0x0000000100000000)
  eden space 334336K, 0% used [0x00000000eab00000,0x00000000eab00000,0x00000000ff180000)
  from space 1024K, 0% used [0x00000000ff280000,0x00000000ff280000,0x00000000ff380000)
  to   space 1024K, 0% used [0x00000000ff180000,0x00000000ff180000,0x00000000ff280000)
 ParOldGen       total 349696K, used 261915K [0x00000000c0000000, 0x00000000d5580000, 0x00000000eab00000)
  object space 349696K, 74% used [0x00000000c0000000,0x00000000cffc6ff8,0x00000000d5580000)
 Metaspace       used 57443K, capacity 58158K, committed 58752K, reserved 1099776K
  class space    used 7940K, capacity 8252K, committed 8320K, reserved 1048576K
}
Event: 488.787 GC heap before
{Heap before GC invocations=1915 (full 950):
 PSYoungGen      total 335360K, used 6497K [0x00000000eab00000, 0x00000000ff380000, 0x0000000100000000)
  eden space 334336K, 1% used [0x00000000eab00000,0x00000000eb158428,0x00000000ff180000)
  from space 1024K, 0% used [0x00000000ff280000,0x00000000ff280000,0x00000000ff380000)
  to   space 1024K, 0% used [0x00000000ff180000,0x00000000ff180000,0x00000000ff280000)
 ParOldGen       total 349696K, used 261915K [0x00000000c0000000, 0x00000000d5580000, 0x00000000eab00000)
  object space 349696K, 74% used [0x00000000c0000000,0x00000000cffc6ff8,0x00000000d5580000)
 Metaspace       used 57443K, capacity 58158K, committed 58752K, reserved 1099776K
  class space    used 7940K, capacity 8252K, committed 8320K, reserved 1048576K
Event: 488.790 GC heap after
Heap after GC invocations=1915 (full 950):
 PSYoungGen      total 335360K, used 128K [0x00000000eab00000, 0x00000000ff380000, 0x0000000100000000)
  eden space 334336K, 0% used [0x00000000eab00000,0x00000000eab00000,0x00000000ff180000)
  from space 1024K, 12% used [0x00000000ff180000,0x00000000ff1a0000,0x00000000ff280000)
  to   space 1024K, 0% used [0x00000000ff280000,0x00000000ff280000,0x00000000ff380000)
 ParOldGen       total 349696K, used 261915K [0x00000000c0000000, 0x00000000d5580000, 0x00000000eab00000)
  object space 349696K, 74% used [0x00000000c0000000,0x00000000cffc6ff8,0x00000000d5580000)
 Metaspace       used 57443K, capacity 58158K, committed 58752K, reserved 1099776K
  class space    used 7940K, capacity 8252K, committed 8320K, reserved 1048576K
}
Event: 488.790 GC heap before
{Heap before GC invocations=1916 (full 951):
 PSYoungGen      total 335360K, used 128K [0x00000000eab00000, 0x00000000ff380000, 0x0000000100000000)
  eden space 334336K, 0% used [0x00000000eab00000,0x00000000eab00000,0x00000000ff180000)
  from space 1024K, 12% used [0x00000000ff180000,0x00000000ff1a0000,0x00000000ff280000)
  to   space 1024K, 0% used [0x00000000ff280000,0x00000000ff280000,0x00000000ff380000)
 ParOldGen       total 349696K, used 261915K [0x00000000c0000000, 0x00000000d5580000, 0x00000000eab00000)
  object space 349696K, 74% used [0x00000000c0000000,0x00000000cffc6ff8,0x00000000d5580000)
 Metaspace       used 57443K, capacity 58158K, committed 58752K, reserved 1099776K
  class space    used 7940K, capacity 8252K, committed 8320K, reserved 1048576K
Event: 488.885 GC heap after
Heap after GC invocations=1916 (full 951):
 PSYoungGen      total 335360K, used 0K [0x00000000eab00000, 0x00000000ff380000, 0x0000000100000000)
  eden space 334336K, 0% used [0x00000000eab00000,0x00000000eab00000,0x00000000ff180000)
  from space 1024K, 0% used [0x00000000ff180000,0x00000000ff180000,0x00000000ff280000)
  to   space 1024K, 0% used [0x00000000ff280000,0x00000000ff280000,0x00000000ff380000)
 ParOldGen       total 349696K, used 261916K [0x00000000c0000000, 0x00000000d5580000, 0x00000000eab00000)
  object space 349696K, 74% used [0x00000000c0000000,0x00000000cffc70d8,0x00000000d5580000)
 Metaspace       used 57443K, capacity 58158K, committed 58752K, reserved 1099776K
  class space    used 7940K, capacity 8252K, committed 8320K, reserved 1048576K
}
Event: 489.288 GC heap before
{Heap before GC invocations=1917 (full 951):
 PSYoungGen      total 335360K, used 8837K [0x00000000eab00000, 0x00000000ff380000, 0x0000000100000000)
  eden space 334336K, 2% used [0x00000000eab00000,0x00000000eb3a15c8,0x00000000ff180000)
  from space 1024K, 0% used [0x00000000ff180000,0x00000000ff180000,0x00000000ff280000)
  to   space 1024K, 0% used [0x00000000ff280000,0x00000000ff280000,0x00000000ff380000)
 ParOldGen       total 349696K, used 261916K [0x00000000c0000000, 0x00000000d5580000, 0x00000000eab00000)
  object space 349696K, 74% used [0x00000000c0000000,0x00000000cffc70d8,0x00000000d5580000)
 Metaspace       used 57443K, capacity 58158K, committed 58752K, reserved 1099776K
  class space    used 7940K, capacity 8252K, committed 8320K, reserved 1048576K
Event: 489.290 GC heap after
Heap after GC invocations=1917 (full 951):
 PSYoungGen      total 335360K, used 192K [0x00000000eab00000, 0x00000000ff380000, 0x0000000100000000)
  eden space 334336K, 0% used [0x00000000eab00000,0x00000000eab00000,0x00000000ff180000)
  from space 1024K, 18% used [0x00000000ff280000,0x00000000ff2b0000,0x00000000ff380000)
  to   space 1024K, 0% used [0x00000000ff180000,0x00000000ff180000,0x00000000ff280000)
 ParOldGen       total 349696K, used 261916K [0x00000000c0000000, 0x00000000d5580000, 0x00000000eab00000)
  object space 349696K, 74% used [0x00000000c0000000,0x00000000cffc70d8,0x00000000d5580000)
 Metaspace       used 57443K, capacity 58158K, committed 58752K, reserved 1099776K
  class space    used 7940K, capacity 8252K, committed 8320K, reserved 1048576K
}
Event: 489.290 GC heap before
{Heap before GC invocations=1918 (full 952):
 PSYoungGen      total 335360K, used 192K [0x00000000eab00000, 0x00000000ff380000, 0x0000000100000000)
  eden space 334336K, 0% used [0x00000000eab00000,0x00000000eab00000,0x00000000ff180000)
  from space 1024K, 18% used [0x00000000ff280000,0x00000000ff2b0000,0x00000000ff380000)
  to   space 1024K, 0% used [0x00000000ff180000,0x00000000ff180000,0x00000000ff280000)
 ParOldGen       total 349696K, used 261916K [0x00000000c0000000, 0x00000000d5580000, 0x00000000eab00000)
  object space 349696K, 74% used [0x00000000c0000000,0x00000000cffc70d8,0x00000000d5580000)
 Metaspace       used 57443K, capacity 58158K, committed 58752K, reserved 1099776K
  class space    used 7940K, capacity 8252K, committed 8320K, reserved 1048576K

