# JRE version: Java(TM) SE Runtime Environment (8.0_121-b13) (build 1.8.0_121-b13)
# Java VM: Java HotSpot(TM) 64-Bit Server VM (25.121-b13 mixed mode windows-amd64 compressed oops)
Heap:
 PSYoungGen      total 339456K, used 1790K [0x00000000eab00000, 0x0000000100000000, 0x0000000100000000)
  eden space 329216K, 0% used [0x00000000eab00000,0x00000000eab00000,0x00000000fec80000)
  from space 10240K, 17% used [0x00000000ff600000,0x00000000ff7bf978,0x0000000100000000)
  to   space 9728K, 0% used [0x00000000fec80000,0x00000000fec80000,0x00000000ff600000)
 ParOldGen       total 349696K, used 308806K [0x00000000c0000000, 0x00000000d5580000, 0x00000000eab00000)
  object space 349696K, 88% used [0x00000000c0000000,0x00000000d2d919e8,0x00000000d5580000)
 Metaspace       used 59961K, capacity 60660K, committed 61440K, reserved 1101824K
  class space    used 8014K, capacity 8301K, committed 8448K, reserved 1048576K
GC Heap History (10 events):
Event: 2638.373 GC heap after
Heap after GC invocations=10391 (full 5135):
 PSYoungGen      total 335360K, used 6656K [0x00000000eab00000, 0x0000000100000000, 0x0000000100000000)
  eden space 328704K, 0% used [0x00000000eab00000,0x00000000eab00000,0x00000000fec00000)
  from space 6656K, 100% used [0x00000000ff800000,0x00000000ffe80000,0x00000000ffe80000)
  to   space 10240K, 0% used [0x00000000fec00000,0x00000000fec00000,0x00000000ff600000)
 ParOldGen       total 349696K, used 311913K [0x00000000c0000000, 0x00000000d5580000, 0x00000000eab00000)
  object space 349696K, 89% used [0x00000000c0000000,0x00000000d309a6e0,0x00000000d5580000)
 Metaspace       used 59961K, capacity 60660K, committed 61440K, reserved 1101824K
  class space    used 8014K, capacity 8301K, committed 8448K, reserved 1048576K
}
Event: 2638.373 GC heap before
{Heap before GC invocations=10392 (full 5136):
 PSYoungGen      total 335360K, used 6656K [0x00000000eab00000, 0x0000000100000000, 0x0000000100000000)
  eden space 328704K, 0% used [0x00000000eab00000,0x00000000eab00000,0x00000000fec00000)
  from space 6656K, 100% used [0x00000000ff800000,0x00000000ffe80000,0x00000000ffe80000)
  to   space 10240K, 0% used [0x00000000fec00000,0x00000000fec00000,0x00000000ff600000)
 ParOldGen       total 349696K, used 311913K [0x00000000c0000000, 0x00000000d5580000, 0x00000000eab00000)
  object space 349696K, 89% used [0x00000000c0000000,0x00000000d309a6e0,0x00000000d5580000)
 Metaspace       used 59961K, capacity 60660K, committed 61440K, reserved 1101824K
  class space    used 8014K, capacity 8301K, committed 8448K, reserved 1048576K
Event: 2638.535 GC heap after
Heap after GC invocations=10392 (full 5136):
 PSYoungGen      total 335360K, used 0K [0x00000000eab00000, 0x0000000100000000, 0x0000000100000000)
  eden space 328704K, 0% used [0x00000000eab00000,0x00000000eab00000,0x00000000fec00000)
  from space 6656K, 0% used [0x00000000ff800000,0x00000000ff800000,0x00000000ffe80000)
  to   space 10240K, 0% used [0x00000000fec00000,0x00000000fec00000,0x00000000ff600000)
 ParOldGen       total 349696K, used 310555K [0x00000000c0000000, 0x00000000d5580000, 0x00000000eab00000)
  object space 349696K, 88% used [0x00000000c0000000,0x00000000d2f46f10,0x00000000d5580000)
 Metaspace       used 59961K, capacity 60660K, committed 61440K, reserved 1101824K
  class space    used 8014K, capacity 8301K, committed 8448K, reserved 1048576K
}
Event: 2638.867 GC heap before
{Heap before GC invocations=10393 (full 5136):
 PSYoungGen      total 335360K, used 22322K [0x00000000eab00000, 0x0000000100000000, 0x0000000100000000)
  eden space 328704K, 6% used [0x00000000eab00000,0x00000000ec0cc960,0x00000000fec00000)
  from space 6656K, 0% used [0x00000000ff800000,0x00000000ff800000,0x00000000ffe80000)
  to   space 10240K, 0% used [0x00000000fec00000,0x00000000fec00000,0x00000000ff600000)
 ParOldGen       total 349696K, used 310555K [0x00000000c0000000, 0x00000000d5580000, 0x00000000eab00000)
  object space 349696K, 88% used [0x00000000c0000000,0x00000000d2f46f10,0x00000000d5580000)
 Metaspace       used 59961K, capacity 60660K, committed 61440K, reserved 1101824K
  class space    used 8014K, capacity 8301K, committed 8448K, reserved 1048576K
Event: 2638.869 GC heap after
Heap after GC invocations=10393 (full 5136):
 PSYoungGen      total 338944K, used 480K [0x00000000eab00000, 0x0000000100000000, 0x0000000100000000)
  eden space 328704K, 0% used [0x00000000eab00000,0x00000000eab00000,0x00000000fec00000)
  from space 10240K, 4% used [0x00000000fec00000,0x00000000fec78000,0x00000000ff600000)
  to   space 10240K, 0% used [0x00000000ff600000,0x00000000ff600000,0x0000000100000000)
 ParOldGen       total 349696K, used 310555K [0x00000000c0000000, 0x00000000d5580000, 0x00000000eab00000)
  object space 349696K, 88% used [0x00000000c0000000,0x00000000d2f46f10,0x00000000d5580000)
 Metaspace       used 59961K, capacity 60660K, committed 61440K, reserved 1101824K
  class space    used 8014K, capacity 8301K, committed 8448K, reserved 1048576K
}
Event: 2638.869 GC heap before
{Heap before GC invocations=10394 (full 5137):
 PSYoungGen      total 338944K, used 480K [0x00000000eab00000, 0x0000000100000000, 0x0000000100000000)
  eden space 328704K, 0% used [0x00000000eab00000,0x00000000eab00000,0x00000000fec00000)
  from space 10240K, 4% used [0x00000000fec00000,0x00000000fec78000,0x00000000ff600000)
  to   space 10240K, 0% used [0x00000000ff600000,0x00000000ff600000,0x0000000100000000)
 ParOldGen       total 349696K, used 310555K [0x00000000c0000000, 0x00000000d5580000, 0x00000000eab00000)
  object space 349696K, 88% used [0x00000000c0000000,0x00000000d2f46f10,0x00000000d5580000)
 Metaspace       used 59961K, capacity 60660K, committed 61440K, reserved 1101824K
  class space    used 8014K, capacity 8301K, committed 8448K, reserved 1048576K
Event: 2639.029 GC heap after
Heap after GC invocations=10394 (full 5137):
 PSYoungGen      total 338944K, used 0K [0x00000000eab00000, 0x0000000100000000, 0x0000000100000000)
  eden space 328704K, 0% used [0x00000000eab00000,0x00000000eab00000,0x00000000fec00000)
  from space 10240K, 0% used [0x00000000fec00000,0x00000000fec00000,0x00000000ff600000)
  to   space 10240K, 0% used [0x00000000ff600000,0x00000000ff600000,0x0000000100000000)
 ParOldGen       total 349696K, used 308806K [0x00000000c0000000, 0x00000000d5580000, 0x00000000eab00000)
  object space 349696K, 88% used [0x00000000c0000000,0x00000000d2d919e8,0x00000000d5580000)
 Metaspace       used 59961K, capacity 60660K, committed 61440K, reserved 1101824K
  class space    used 8014K, capacity 8301K, committed 8448K, reserved 1048576K
}
Event: 2639.367 GC heap before
{Heap before GC invocations=10395 (full 5137):
 PSYoungGen      total 338944K, used 24735K [0x00000000eab00000, 0x0000000100000000, 0x0000000100000000)
  eden space 328704K, 7% used [0x00000000eab00000,0x00000000ec327cf0,0x00000000fec00000)
  from space 10240K, 0% used [0x00000000fec00000,0x00000000fec00000,0x00000000ff600000)
  to   space 10240K, 0% used [0x00000000ff600000,0x00000000ff600000,0x0000000100000000)
 ParOldGen       total 349696K, used 308806K [0x00000000c0000000, 0x00000000d5580000, 0x00000000eab00000)
  object space 349696K, 88% used [0x00000000c0000000,0x00000000d2d919e8,0x00000000d5580000)
 Metaspace       used 59961K, capacity 60660K, committed 61440K, reserved 1101824K
  class space    used 8014K, capacity 8301K, committed 8448K, reserved 1048576K
Event: 2639.370 GC heap after
Heap after GC invocations=10395 (full 5137):
 PSYoungGen      total 339456K, used 1790K [0x00000000eab00000, 0x0000000100000000, 0x0000000100000000)
  eden space 329216K, 0% used [0x00000000eab00000,0x00000000eab00000,0x00000000fec80000)
  from space 10240K, 17% used [0x00000000ff600000,0x00000000ff7bf978,0x0000000100000000)
  to   space 9728K, 0% used [0x00000000fec80000,0x00000000fec80000,0x00000000ff600000)
 ParOldGen       total 349696K, used 308806K [0x00000000c0000000, 0x00000000d5580000, 0x00000000eab00000)
  object space 349696K, 88% used [0x00000000c0000000,0x00000000d2d919e8,0x00000000d5580000)
 Metaspace       used 59961K, capacity 60660K, committed 61440K, reserved 1101824K
  class space    used 8014K, capacity 8301K, committed 8448K, reserved 1048576K
}
Event: 2639.370 GC heap before
{Heap before GC invocations=10396 (full 5138):
 PSYoungGen      total 339456K, used 1790K [0x00000000eab00000, 0x0000000100000000, 0x0000000100000000)
  eden space 329216K, 0% used [0x00000000eab00000,0x00000000eab00000,0x00000000fec80000)
  from space 10240K, 17% used [0x00000000ff600000,0x00000000ff7bf978,0x0000000100000000)
  to   space 9728K, 0% used [0x00000000fec80000,0x00000000fec80000,0x00000000ff600000)
 ParOldGen       total 349696K, used 308806K [0x00000000c0000000, 0x00000000d5580000, 0x00000000eab00000)
  object space 349696K, 88% used [0x00000000c0000000,0x00000000d2d919e8,0x00000000d5580000)
 Metaspace       used 59961K, capacity 60660K, committed 61440K, reserved 1101824K
  class space    used 8014K, capacity 8301K, committed 8448K, reserved 1048576K

